I'm sorry, but an uncaught exception occurred.

While running game code:
  File "game/rogue_scenes.rpy", line 345, in script call
    call action
  File "game/actions.rpy", line 1, in script
    label action:
Exception: Arguments supplied, but parameter list not present

-- Full Traceback ------------------------------------------------------------

Full traceback:
  File "game/rogue_scenes.rpy", line 345, in script call
    call action
  File "game/actions.rpy", line 1, in script
    label action:
  File "renpy/ast.py", line 869, in execute
    values = apply_arguments(self.parameters, renpy.store._args, renpy.store._kwargs)
  File "renpy/ast.py", line 155, in apply_arguments
    raise Exception("Arguments supplied, but parameter list not present")
Exception: Arguments supplied, but parameter list not present

Windows-10-10.0.19041
Ren'Py 7.4.11.2266
Rogue-Like 0.997f2
Tue May 24 16:28:52 2022
